<?xml version="1.0" encoding="UTF-8"?>
<!-- Generated by org.testng.reporters.JUnitXMLReporter -->
<testsuite hostname="ChintanLaptop" ignored="0" name="Command line test" tests="3" failures="0" timestamp="2021-02-20T08:57:31 EST" time="0.062" errors="0">
  <testcase name="mobileapp" time="0.0" classname="qaclickacademy.AppiumTest"/>
  <testcase name="mobileapp" time="0.0" classname="qaclickacademy.RestapiTest"/>
  <testcase name="SelTest" time="0.0" classname="qaclickacademy.SeleniumTest"/>
</testsuite> <!-- Command line test -->
